<?xml version="1.0" encoding="UTF-8"?>
<!-- Generated by org.testng.reporters.JUnitReportReporter -->
<testsuite hostname="EC-2301" name="Tests2.LoginSuccessHandler" tests="1" failures="0" timestamp="29 Feb 2016 18:23:28 GMT" time="9.469" errors="0">
  <testcase name="isLoginSuccess" time="9.469" classname="Tests2.LoginSuccessHandler"/>
</testsuite> <!-- Tests2.LoginSuccessHandler -->
