<?xml version="1.0" encoding="UTF-8"?>
<!-- Generated by org.testng.reporters.JUnitReportReporter -->
<testsuite hostname="EC-2301" name="Tests2.CreateFileBC" tests="1" failures="0" timestamp="26 Feb 2016 15:42:48 GMT" time="16.805" errors="0">
  <testcase name="testCreatefile" time="16.805" classname="Tests2.CreateFileBC"/>
</testsuite> <!-- Tests2.CreateFileBC -->
