<?xml version="1.0" encoding="UTF-8"?>
<!-- Generated by org.testng.reporters.JUnitReportReporter -->
<testsuite hostname="EC-2301" name="Tests2.CreateFileOn" tests="1" failures="0" timestamp="26 Feb 2016 15:44:41 GMT" time="19.921" errors="0">
  <testcase name="testCreatefile" time="19.921" classname="Tests2.CreateFileOn"/>
</testsuite> <!-- Tests2.CreateFileOn -->
