<?xml version="1.0" encoding="UTF-8"?>
<!-- Generated by org.testng.reporters.JUnitReportReporter -->
<testsuite hostname="EC-2301" name="Tests2.CreateFileAB" tests="1" failures="0" timestamp="26 Feb 2016 15:40:52 GMT" time="19.963" errors="0">
  <testcase name="testCreatefile" time="19.963" classname="Tests2.CreateFileAB"/>
</testsuite> <!-- Tests2.CreateFileAB -->
