<?xml version="1.0" encoding="UTF-8"?>
<!-- Generated by org.testng.reporters.JUnitReportReporter -->
<testsuite hostname="EC-2301" name="Tests2.DocumentManagerSuccessHandlerBC" tests="1" failures="0" timestamp="29 Feb 2016 18:20:43 GMT" time="11.374" errors="0">
  <testcase name="testDocManager" time="11.374" classname="Tests2.DocumentManagerSuccessHandlerBC"/>
</testsuite> <!-- Tests2.DocumentManagerSuccessHandlerBC -->
