<?xml version="1.0" encoding="UTF-8"?>
<!-- Generated by org.testng.reporters.JUnitReportReporter -->
<testsuite hostname="EC-2301" name="Tests2.AdminSupportSessionBC" tests="1" failures="0" timestamp="29 Feb 2016 17:04:47 GMT" time="16.164" errors="0">
  <testcase name="testUntitled" time="16.164" classname="Tests2.AdminSupportSessionBC"/>
</testsuite> <!-- Tests2.AdminSupportSessionBC -->
