<?xml version="1.0" encoding="UTF-8"?>
<!-- Generated by org.testng.reporters.JUnitReportReporter -->
<testsuite hostname="EC-2301" name="Tests2.VerificationOnCampaignPopup" tests="1" failures="0" timestamp="29 Feb 2016 17:03:31 GMT" time="14.037" errors="0">
  <testcase name="testUntitled" time="14.037" classname="Tests2.VerificationOnCampaignPopup"/>
</testsuite> <!-- Tests2.VerificationOnCampaignPopup -->
