<?xml version="1.0" encoding="UTF-8"?>
<!-- Generated by org.testng.reporters.JUnitReportReporter -->
<testsuite hostname="EC-2301" name="Tests2.AdminRequisitionBC" tests="1" failures="0" timestamp="16 Feb 2016 20:35:01 GMT" time="13.443" errors="0">
  <testcase name="testUntitled" time="13.443" classname="Tests2.AdminRequisitionBC"/>
</testsuite> <!-- Tests2.AdminRequisitionBC -->
